1578965485070	mozrunner::runner	INFO	Running command: "/usr/bin/firefox" "-marionette" "-foreground" "-no-remote" "-profile" "/tmp/rust_mozprofileT46WTE"
1578965487833	addons.webextension.screenshots@mozilla.org	WARN	Loading extension 'screenshots@mozilla.org': Reading manifest: Invalid extension permission: mozillaAddons
1578965487833	addons.webextension.screenshots@mozilla.org	WARN	Loading extension 'screenshots@mozilla.org': Reading manifest: Invalid extension permission: telemetry
1578965487833	addons.webextension.screenshots@mozilla.org	WARN	Loading extension 'screenshots@mozilla.org': Reading manifest: Invalid extension permission: resource://pdf.js/
1578965487833	addons.webextension.screenshots@mozilla.org	WARN	Loading extension 'screenshots@mozilla.org': Reading manifest: Invalid extension permission: about:reader*
1578965491977	Marionette	INFO	Listening on port 39051
1578965492171	Marionette	WARN	TLS certificate errors will be ignored for this session
1578965534824	mozrunner::runner	INFO	Running command: "/usr/bin/firefox" "-marionette" "-foreground" "-no-remote" "-profile" "/tmp/rust_mozprofileV3IelA"
1578965535442	addons.webextension.screenshots@mozilla.org	WARN	Loading extension 'screenshots@mozilla.org': Reading manifest: Invalid extension permission: mozillaAddons
1578965535442	addons.webextension.screenshots@mozilla.org	WARN	Loading extension 'screenshots@mozilla.org': Reading manifest: Invalid extension permission: telemetry
1578965535442	addons.webextension.screenshots@mozilla.org	WARN	Loading extension 'screenshots@mozilla.org': Reading manifest: Invalid extension permission: resource://pdf.js/
1578965535442	addons.webextension.screenshots@mozilla.org	WARN	Loading extension 'screenshots@mozilla.org': Reading manifest: Invalid extension permission: about:reader*
1578965537848	Marionette	INFO	Listening on port 44911
1578965537934	Marionette	WARN	TLS certificate errors will be ignored for this session
console.error: BroadcastService: 
  receivedBroadcastMessage: handler for
  remote-settings/monitor_changes
  threw error:
  Message: Error: Polling for changes failed: http://%(server)s/dummy/blocklist//buckets/monitor/collections/changes/records?_expected=%221578960017081%22 is not a valid URL..
  Stack:
    remoteSettingsFunction/remoteSettings.pollChanges@resource://services-settings/remote-settings.js:201:13

console.error: BroadcastService: 
  receivedBroadcastMessage: handler for
  remote-settings/monitor_changes
  threw error:
  Message: Error: Polling for changes failed: http://%(server)s/dummy/blocklist//buckets/monitor/collections/changes/records?_expected=%221578960017081%22 is not a valid URL..
  Stack:
    remoteSettingsFunction/remoteSettings.pollChanges@resource://services-settings/remote-settings.js:201:13

[Parent 11079, Gecko_IOThread] WARNING: pipe error (86): Connection reset by peer: file /build/firefox-xCpWzA/firefox-68.0.1+linuxmint1+tina/ipc/chromium/src/chrome/common/ipc_channel_posix.cc, line 358
[Parent 11079, Gecko_IOThread] WARNING: pipe error (79): Connection reset by peer: file /build/firefox-xCpWzA/firefox-68.0.1+linuxmint1+tina/ipc/chromium/src/chrome/common/ipc_channel_posix.cc, line 358
[Parent 11359, Gecko_IOThread] WARNING: pipe error (78): Connection reset by peer: file /build/firefox-xCpWzA/firefox-68.0.1+linuxmint1+tina/ipc/chromium/src/chrome/common/ipc_channel_posix.cc, line 358
1578966155628	Marionette	INFO	Stopped listening on port 39051
1578966155631	Marionette	INFO	Stopped listening on port 44911
1578966172247	mozrunner::runner	INFO	Running command: "/usr/bin/firefox" "-marionette" "-foreground" "-no-remote" "-profile" "/tmp/rust_mozprofileO0J1xk"
1578966173276	addons.webextension.screenshots@mozilla.org	WARN	Loading extension 'screenshots@mozilla.org': Reading manifest: Invalid extension permission: mozillaAddons
1578966173276	addons.webextension.screenshots@mozilla.org	WARN	Loading extension 'screenshots@mozilla.org': Reading manifest: Invalid extension permission: telemetry
1578966173277	addons.webextension.screenshots@mozilla.org	WARN	Loading extension 'screenshots@mozilla.org': Reading manifest: Invalid extension permission: resource://pdf.js/
1578966173277	addons.webextension.screenshots@mozilla.org	WARN	Loading extension 'screenshots@mozilla.org': Reading manifest: Invalid extension permission: about:reader*
1578966175522	Marionette	INFO	Listening on port 39007
1578966175582	Marionette	WARN	TLS certificate errors will be ignored for this session
console.error: BroadcastService: 
  receivedBroadcastMessage: handler for
  remote-settings/monitor_changes
  threw error:
  Message: Error: Polling for changes failed: http://%(server)s/dummy/blocklist//buckets/monitor/collections/changes/records?_expected=%221578960017081%22 is not a valid URL..
  Stack:
    remoteSettingsFunction/remoteSettings.pollChanges@resource://services-settings/remote-settings.js:201:13

1578968207201	mozrunner::runner	INFO	Running command: "/usr/bin/firefox" "-marionette" "-foreground" "-no-remote" "-profile" "/tmp/rust_mozprofileTw8KVt"
1578968207794	addons.webextension.screenshots@mozilla.org	WARN	Loading extension 'screenshots@mozilla.org': Reading manifest: Invalid extension permission: mozillaAddons
1578968207795	addons.webextension.screenshots@mozilla.org	WARN	Loading extension 'screenshots@mozilla.org': Reading manifest: Invalid extension permission: telemetry
1578968207795	addons.webextension.screenshots@mozilla.org	WARN	Loading extension 'screenshots@mozilla.org': Reading manifest: Invalid extension permission: resource://pdf.js/
1578968207795	addons.webextension.screenshots@mozilla.org	WARN	Loading extension 'screenshots@mozilla.org': Reading manifest: Invalid extension permission: about:reader*
1578968210295	Marionette	INFO	Listening on port 45495
1578968210311	Marionette	WARN	TLS certificate errors will be ignored for this session
console.error: BroadcastService: 
  receivedBroadcastMessage: handler for
  remote-settings/monitor_changes
  threw error:
  Message: Error: Polling for changes failed: http://%(server)s/dummy/blocklist//buckets/monitor/collections/changes/records?_expected=%221578960017081%22 is not a valid URL..
  Stack:
    remoteSettingsFunction/remoteSettings.pollChanges@resource://services-settings/remote-settings.js:201:13

[Parent 12012, Gecko_IOThread] WARNING: pipe error (78): Connection reset by peer: file /build/firefox-xCpWzA/firefox-68.0.1+linuxmint1+tina/ipc/chromium/src/chrome/common/ipc_channel_posix.cc, line 358
[Parent 13881, Gecko_IOThread] WARNING: pipe error (78): Connection reset by peer: file /build/firefox-xCpWzA/firefox-68.0.1+linuxmint1+tina/ipc/chromium/src/chrome/common/ipc_channel_posix.cc, line 358
[Parent 13881, Gecko_IOThread] WARNING: pipe error (157): Connection reset by peer: file /build/firefox-xCpWzA/firefox-68.0.1+linuxmint1+tina/ipc/chromium/src/chrome/common/ipc_channel_posix.cc, line 358
[Parent 12012, Gecko_IOThread] WARNING: pipe error (133): Connection reset by peer: file /build/firefox-xCpWzA/firefox-68.0.1+linuxmint1+tina/ipc/chromium/src/chrome/common/ipc_channel_posix.cc, line 358
[Parent 13881, Gecko_IOThread] WARNING: pipe error (118): Connection reset by peer: file /build/firefox-xCpWzA/firefox-68.0.1+linuxmint1+tina/ipc/chromium/src/chrome/common/ipc_channel_posix.cc, line 358
1578969085567	Marionette	INFO	Stopped listening on port 39007
1578969085622	Marionette	INFO	Stopped listening on port 45495
1578969087239	mozrunner::runner	INFO	Running command: "/usr/bin/firefox" "-marionette" "-foreground" "-no-remote" "-profile" "/tmp/rust_mozprofile1UIR1u"
1578969087857	addons.webextension.screenshots@mozilla.org	WARN	Loading extension 'screenshots@mozilla.org': Reading manifest: Invalid extension permission: mozillaAddons
1578969087857	addons.webextension.screenshots@mozilla.org	WARN	Loading extension 'screenshots@mozilla.org': Reading manifest: Invalid extension permission: telemetry
1578969087858	addons.webextension.screenshots@mozilla.org	WARN	Loading extension 'screenshots@mozilla.org': Reading manifest: Invalid extension permission: resource://pdf.js/
1578969087858	addons.webextension.screenshots@mozilla.org	WARN	Loading extension 'screenshots@mozilla.org': Reading manifest: Invalid extension permission: about:reader*
1578969090262	Marionette	INFO	Listening on port 42217
1578969090346	Marionette	WARN	TLS certificate errors will be ignored for this session
console.error: BroadcastService: 
  receivedBroadcastMessage: handler for
  remote-settings/monitor_changes
  threw error:
  Message: Error: Polling for changes failed: http://%(server)s/dummy/blocklist//buckets/monitor/collections/changes/records?_expected=%221578960017081%22 is not a valid URL..
  Stack:
    remoteSettingsFunction/remoteSettings.pollChanges@resource://services-settings/remote-settings.js:201:13

[Parent 14879, Gecko_IOThread] WARNING: pipe error (78): Connection reset by peer: file /build/firefox-xCpWzA/firefox-68.0.1+linuxmint1+tina/ipc/chromium/src/chrome/common/ipc_channel_posix.cc, line 358
[Parent 14879, Gecko_IOThread] WARNING: pipe error (136): Connection reset by peer: file /build/firefox-xCpWzA/firefox-68.0.1+linuxmint1+tina/ipc/chromium/src/chrome/common/ipc_channel_posix.cc, line 358
1578969546235	Marionette	INFO	Stopped listening on port 42217
1578969547927	mozrunner::runner	INFO	Running command: "/usr/bin/firefox" "-marionette" "-foreground" "-no-remote" "-profile" "/tmp/rust_mozprofileKd7FPr"
1578969548516	addons.webextension.screenshots@mozilla.org	WARN	Loading extension 'screenshots@mozilla.org': Reading manifest: Invalid extension permission: mozillaAddons
1578969548516	addons.webextension.screenshots@mozilla.org	WARN	Loading extension 'screenshots@mozilla.org': Reading manifest: Invalid extension permission: telemetry
1578969548516	addons.webextension.screenshots@mozilla.org	WARN	Loading extension 'screenshots@mozilla.org': Reading manifest: Invalid extension permission: resource://pdf.js/
1578969548517	addons.webextension.screenshots@mozilla.org	WARN	Loading extension 'screenshots@mozilla.org': Reading manifest: Invalid extension permission: about:reader*
1578969550947	Marionette	INFO	Listening on port 35783
1578969551035	Marionette	WARN	TLS certificate errors will be ignored for this session
console.error: BroadcastService: 
  receivedBroadcastMessage: handler for
  remote-settings/monitor_changes
  threw error:
  Message: Error: Polling for changes failed: http://%(server)s/dummy/blocklist//buckets/monitor/collections/changes/records?_expected=%221578960017081%22 is not a valid URL..
  Stack:
    remoteSettingsFunction/remoteSettings.pollChanges@resource://services-settings/remote-settings.js:201:13

1578969709926	Marionette	WARN	TimedPromise timed out after 500 ms: stacktrace:
bail@chrome://marionette/content/sync.js:223:64
1578969723815	Marionette	WARN	TimedPromise timed out after 500 ms: stacktrace:
bail@chrome://marionette/content/sync.js:223:64
1578969737851	Marionette	WARN	TimedPromise timed out after 500 ms: stacktrace:
bail@chrome://marionette/content/sync.js:223:64
1578969744643	Marionette	WARN	TimedPromise timed out after 500 ms: stacktrace:
bail@chrome://marionette/content/sync.js:223:64
1578969751462	Marionette	WARN	TimedPromise timed out after 500 ms: stacktrace:
bail@chrome://marionette/content/sync.js:223:64
1578969782268	Marionette	INFO	Stopped listening on port 35783
[Parent 15418, Gecko_IOThread] WARNING: pipe error (78): Connection reset by peer: file /build/firefox-xCpWzA/firefox-68.0.1+linuxmint1+tina/ipc/chromium/src/chrome/common/ipc_channel_posix.cc, line 358

###!!! [Child][RunMessage] Error: Channel closing: too late to send/recv, messages will be lost

